<?xml version="1.0" encoding="UTF-8"?>
<!-- Generated by org.testng.reporters.JUnitReportReporter -->
<testsuite hostname="DESKTOP-8RI85NC" failures="0" tests="1" name="com.uploadfile.FileUpload.UploadFileTest" time="8.294" errors="0" timestamp="11 Mar 2021 16:53:32 GMT">
  <testcase classname="com.uploadfile.FileUpload.UploadFileTest" name="f" time="8.294"/>
</testsuite> <!-- com.uploadfile.FileUpload.UploadFileTest -->
