<?xml version="1.0" encoding="UTF-8"?>
<!-- Generated by org.testng.reporters.JUnitReportReporter -->
<testsuite hostname="DESKTOP-8RI85NC" failures="0" tests="1" name="com.uploadfile.FileUpload.NewTest" time="4.555" errors="0" timestamp="11 Mar 2021 16:02:50 GMT">
  <testcase classname="com.uploadfile.FileUpload.NewTest" name="f" time="4.555"/>
</testsuite> <!-- com.uploadfile.FileUpload.NewTest -->
