<?xml version="1.0" encoding="UTF-8"?>
<!-- Generated by org.testng.reporters.JUnitReportReporter -->
<testsuite hostname="DESKTOP-8RI85NC" failures="0" tests="1" name="test.DragAndDropTest" time="8.057" errors="0" timestamp="12 Mar 2021 01:34:14 GMT">
  <testcase classname="test.DragAndDropTest" name="cargarArchivoSeleccionado" time="8.057"/>
</testsuite> <!-- test.DragAndDropTest -->
